<?xml version="1.0" encoding="UTF-8"?>
<!-- Generated by org.testng.reporters.JUnitXMLReporter -->
<testsuite ignored="0" hostname="DESKTOP-Q3H0F4P" failures="0" tests="3" name="Surefire test" time="35.992" errors="0" timestamp="2023-04-20T10:06:49 IST">
  <testcase classname="tests.NoPOMTest" name="test_Home_Page_Appear_Correct" time="11.922"/>
  <testcase classname="tests.TestLogin" name="test_Home_Page_Appear_Correct" time="4.089"/>
  <testcase classname="tests.TestLoginWithPageFactory" name="test_Home_Page_Appear_Correct" time="4.801"/>
</testsuite> <!-- Surefire test -->
