<?xml version="1.0" encoding="UTF-8"?>
<testng-results ignored="0" total="3" passed="3" failed="0" skipped="0">
  <reporter-output>
  </reporter-output>
  <suite started-at="2023-04-20T10:06:13 IST" name="Surefire suite" finished-at="2023-04-20T10:06:49 IST" duration-ms="35992">
    <groups>
    </groups>
    <test started-at="2023-04-20T10:06:13 IST" name="Surefire test" finished-at="2023-04-20T10:06:49 IST" duration-ms="35992">
      <class name="tests.TestLoginWithPageFactory">
        <test-method is-config="true" signature="setup()[pri:0, instance:tests.TestLoginWithPageFactory@56de5251]" started-at="2023-04-20T10:06:21 IST" name="setup" finished-at="2023-04-20T10:06:28 IST" duration-ms="7479" status="PASS">
          <reporter-output>
          </reporter-output>
        </test-method> <!-- setup -->
        <test-method signature="test_Home_Page_Appear_Correct()[pri:0, instance:tests.TestLoginWithPageFactory@56de5251]" started-at="2023-04-20T10:06:44 IST" name="test_Home_Page_Appear_Correct" finished-at="2023-04-20T10:06:49 IST" duration-ms="4801" status="PASS">
          <reporter-output>
          </reporter-output>
        </test-method> <!-- test_Home_Page_Appear_Correct -->
      </class> <!-- tests.TestLoginWithPageFactory -->
      <class name="tests.TestLogin">
        <test-method is-config="true" signature="setup()[pri:0, instance:tests.TestLogin@163e4e87]" started-at="2023-04-20T10:06:13 IST" name="setup" finished-at="2023-04-20T10:06:21 IST" duration-ms="7607" status="PASS">
          <reporter-output>
          </reporter-output>
        </test-method> <!-- setup -->
        <test-method signature="test_Home_Page_Appear_Correct()[pri:0, instance:tests.TestLogin@163e4e87]" started-at="2023-04-20T10:06:40 IST" name="test_Home_Page_Appear_Correct" finished-at="2023-04-20T10:06:44 IST" duration-ms="4089" status="PASS">
          <reporter-output>
          </reporter-output>
        </test-method> <!-- test_Home_Page_Appear_Correct -->
      </class> <!-- tests.TestLogin -->
      <class name="tests.NoPOMTest">
        <test-method signature="test_Home_Page_Appear_Correct()[pri:0, instance:tests.NoPOMTest@4fe767f3]" started-at="2023-04-20T10:06:28 IST" name="test_Home_Page_Appear_Correct" finished-at="2023-04-20T10:06:40 IST" duration-ms="11922" status="PASS">
          <reporter-output>
          </reporter-output>
        </test-method> <!-- test_Home_Page_Appear_Correct -->
      </class> <!-- tests.NoPOMTest -->
    </test> <!-- Surefire test -->
  </suite> <!-- Surefire suite -->
</testng-results>
